{"/home/carlasanchezcorrea/REG003-burger-queen-api/src/helper.js": {"path":"/home/carlasanchezcorrea/REG003-burger-queen-api/src/helper.js","statementMap":{"0":{"start":{"line":1,"column":17},"end":{"line":1,"column":51}},"1":{"start":{"line":3,"column":19},"end":{"line":11,"column":1}},"2":{"start":{"line":4,"column":14},"end":{"line":9,"column":2}},"3":{"start":{"line":10,"column":4},"end":{"line":10,"column":16}},"4":{"start":{"line":13,"column":21},"end":{"line":13,"column":49}},"5":{"start":{"line":13,"column":29},"end":{"line":13,"column":49}},"6":{"start":{"line":15,"column":19},"end":{"line":18,"column":1}},"7":{"start":{"line":16,"column":16},"end":{"line":16,"column":25}},"8":{"start":{"line":17,"column":4},"end":{"line":17,"column":29}},"9":{"start":{"line":20,"column":19},"end":{"line":22,"column":1}},"10":{"start":{"line":21,"column":4},"end":{"line":21,"column":57}},"11":{"start":{"line":24,"column":0},"end":{"line":29,"column":1}}},"fnMap":{"0":{"name":"(anonymous_0)","decl":{"start":{"line":3,"column":19},"end":{"line":3,"column":20}},"loc":{"start":{"line":3,"column":63},"end":{"line":11,"column":1}},"line":3},"1":{"name":"(anonymous_1)","decl":{"start":{"line":13,"column":21},"end":{"line":13,"column":22}},"loc":{"start":{"line":13,"column":29},"end":{"line":13,"column":49}},"line":13},"2":{"name":"(anonymous_2)","decl":{"start":{"line":15,"column":19},"end":{"line":15,"column":20}},"loc":{"start":{"line":15,"column":30},"end":{"line":18,"column":1}},"line":15},"3":{"name":"(anonymous_3)","decl":{"start":{"line":20,"column":19},"end":{"line":20,"column":20}},"loc":{"start":{"line":20,"column":32},"end":{"line":22,"column":1}},"line":20}},"branchMap":{"0":{"loc":{"start":{"line":6,"column":10},"end":{"line":6,"column":110}},"type":"cond-expr","locations":[{"start":{"line":6,"column":33},"end":{"line":6,"column":71}},{"start":{"line":6,"column":74},"end":{"line":6,"column":110}}],"line":6},"1":{"loc":{"start":{"line":7,"column":10},"end":{"line":7,"column":109}},"type":"cond-expr","locations":[{"start":{"line":7,"column":33},"end":{"line":7,"column":71}},{"start":{"line":7,"column":73},"end":{"line":7,"column":109}}],"line":7},"2":{"loc":{"start":{"line":21,"column":11},"end":{"line":21,"column":57}},"type":"cond-expr","locations":[{"start":{"line":21,"column":45},"end":{"line":21,"column":49}},{"start":{"line":21,"column":52},"end":{"line":21,"column":57}}],"line":21}},"s":{"0":2,"1":2,"2":2,"3":2,"4":2,"5":0,"6":2,"7":2,"8":2,"9":2,"10":2,"11":2},"f":{"0":2,"1":0,"2":2,"3":2},"b":{"0":[1,1],"1":[1,1],"2":[1,1]},"_coverageSchema":"1a1c01bbd47fc00a2c39e90264f33305004495a9","hash":"b0feec734f2e774afc59a30f1f6a6c9af5d74502"}
,"/home/carlasanchezcorrea/REG003-burger-queen-api/src/controller/users.js": {"path":"/home/carlasanchezcorrea/REG003-burger-queen-api/src/controller/users.js","statementMap":{"0":{"start":{"line":1,"column":13},"end":{"line":1,"column":39}},"1":{"start":{"line":7,"column":4},"end":{"line":7,"column":24}},"2":{"start":{"line":8,"column":20},"end":{"line":8,"column":49}},"3":{"start":{"line":10,"column":16},"end":{"line":34,"column":1}},"4":{"start":{"line":11,"column":2},"end":{"line":33,"column":3}},"5":{"start":{"line":12,"column":17},"end":{"line":12,"column":31}},"6":{"start":{"line":13,"column":19},"end":{"line":13,"column":23}},"7":{"start":{"line":16,"column":4},"end":{"line":26,"column":5}},"8":{"start":{"line":17,"column":6},"end":{"line":19,"column":7}},"9":{"start":{"line":18,"column":8},"end":{"line":18,"column":25}},"10":{"start":{"line":20,"column":6},"end":{"line":20,"column":45}},"11":{"start":{"line":22,"column":6},"end":{"line":24,"column":7}},"12":{"start":{"line":23,"column":8},"end":{"line":23,"column":25}},"13":{"start":{"line":25,"column":6},"end":{"line":25,"column":55}},"14":{"start":{"line":27,"column":4},"end":{"line":29,"column":5}},"15":{"start":{"line":28,"column":6},"end":{"line":28,"column":23}},"16":{"start":{"line":30,"column":4},"end":{"line":30,"column":42}},"17":{"start":{"line":32,"column":4},"end":{"line":32,"column":21}},"18":{"start":{"line":36,"column":17},"end":{"line":56,"column":1}},"19":{"start":{"line":37,"column":2},"end":{"line":55,"column":3}},"20":{"start":{"line":42,"column":18},"end":{"line":42,"column":53}},"21":{"start":{"line":43,"column":17},"end":{"line":43,"column":50}},"22":{"start":{"line":45,"column":21},"end":{"line":45,"column":61}},"23":{"start":{"line":47,"column":16},"end":{"line":47,"column":65}},"24":{"start":{"line":49,"column":18},"end":{"line":49,"column":77}},"25":{"start":{"line":51,"column":4},"end":{"line":51,"column":21}},"26":{"start":{"line":52,"column":4},"end":{"line":52,"column":47}},"27":{"start":{"line":54,"column":4},"end":{"line":54,"column":21}},"28":{"start":{"line":58,"column":17},"end":{"line":94,"column":1}},"29":{"start":{"line":59,"column":2},"end":{"line":93,"column":3}},"30":{"start":{"line":60,"column":39},"end":{"line":60,"column":47}},"31":{"start":{"line":61,"column":17},"end":{"line":65,"column":6}},"32":{"start":{"line":67,"column":4},"end":{"line":69,"column":5}},"33":{"start":{"line":68,"column":6},"end":{"line":68,"column":23}},"34":{"start":{"line":71,"column":4},"end":{"line":73,"column":5}},"35":{"start":{"line":72,"column":6},"end":{"line":72,"column":80}},"36":{"start":{"line":74,"column":4},"end":{"line":76,"column":5}},"37":{"start":{"line":75,"column":6},"end":{"line":75,"column":57}},"38":{"start":{"line":79,"column":26},"end":{"line":79,"column":56}},"39":{"start":{"line":80,"column":4},"end":{"line":84,"column":7}},"40":{"start":{"line":81,"column":6},"end":{"line":83,"column":7}},"41":{"start":{"line":82,"column":8},"end":{"line":82,"column":25}},"42":{"start":{"line":86,"column":21},"end":{"line":86,"column":38}},"43":{"start":{"line":87,"column":26},"end":{"line":89,"column":5}},"44":{"start":{"line":90,"column":4},"end":{"line":90,"column":40}},"45":{"start":{"line":92,"column":4},"end":{"line":92,"column":21}},"46":{"start":{"line":96,"column":19},"end":{"line":147,"column":1}},"47":{"start":{"line":97,"column":2},"end":{"line":146,"column":3}},"48":{"start":{"line":98,"column":19},"end":{"line":98,"column":33}},"49":{"start":{"line":99,"column":19},"end":{"line":99,"column":27}},"50":{"start":{"line":101,"column":19},"end":{"line":101,"column":23}},"51":{"start":{"line":103,"column":4},"end":{"line":138,"column":5}},"52":{"start":{"line":104,"column":6},"end":{"line":106,"column":7}},"53":{"start":{"line":105,"column":8},"end":{"line":105,"column":25}},"54":{"start":{"line":107,"column":6},"end":{"line":109,"column":7}},"55":{"start":{"line":108,"column":8},"end":{"line":108,"column":25}},"56":{"start":{"line":110,"column":6},"end":{"line":114,"column":8}},"57":{"start":{"line":116,"column":6},"end":{"line":128,"column":7}},"58":{"start":{"line":117,"column":27},"end":{"line":117,"column":64}},"59":{"start":{"line":118,"column":8},"end":{"line":120,"column":9}},"60":{"start":{"line":119,"column":10},"end":{"line":119,"column":27}},"61":{"start":{"line":122,"column":8},"end":{"line":124,"column":9}},"62":{"start":{"line":123,"column":10},"end":{"line":123,"column":27}},"63":{"start":{"line":125,"column":8},"end":{"line":127,"column":9}},"64":{"start":{"line":126,"column":10},"end":{"line":126,"column":27}},"65":{"start":{"line":129,"column":6},"end":{"line":131,"column":7}},"66":{"start":{"line":130,"column":8},"end":{"line":130,"column":25}},"67":{"start":{"line":133,"column":6},"end":{"line":137,"column":8}},"68":{"start":{"line":139,"column":4},"end":{"line":141,"column":5}},"69":{"start":{"line":140,"column":6},"end":{"line":140,"column":23}},"70":{"start":{"line":143,"column":4},"end":{"line":143,"column":42}},"71":{"start":{"line":145,"column":4},"end":{"line":145,"column":14}},"72":{"start":{"line":149,"column":19},"end":{"line":174,"column":1}},"73":{"start":{"line":150,"column":2},"end":{"line":173,"column":3}},"74":{"start":{"line":151,"column":17},"end":{"line":151,"column":31}},"75":{"start":{"line":152,"column":19},"end":{"line":152,"column":23}},"76":{"start":{"line":155,"column":4},"end":{"line":165,"column":5}},"77":{"start":{"line":156,"column":6},"end":{"line":158,"column":7}},"78":{"start":{"line":157,"column":8},"end":{"line":157,"column":25}},"79":{"start":{"line":159,"column":6},"end":{"line":159,"column":45}},"80":{"start":{"line":161,"column":6},"end":{"line":163,"column":7}},"81":{"start":{"line":162,"column":8},"end":{"line":162,"column":25}},"82":{"start":{"line":164,"column":6},"end":{"line":164,"column":55}},"83":{"start":{"line":166,"column":4},"end":{"line":166,"column":22}},"84":{"start":{"line":167,"column":4},"end":{"line":169,"column":5}},"85":{"start":{"line":168,"column":6},"end":{"line":168,"column":23}},"86":{"start":{"line":170,"column":4},"end":{"line":170,"column":42}},"87":{"start":{"line":172,"column":4},"end":{"line":172,"column":21}},"88":{"start":{"line":176,"column":0},"end":{"line":182,"column":2}}},"fnMap":{"0":{"name":"(anonymous_0)","decl":{"start":{"line":10,"column":16},"end":{"line":10,"column":17}},"loc":{"start":{"line":10,"column":42},"end":{"line":34,"column":1}},"line":10},"1":{"name":"(anonymous_1)","decl":{"start":{"line":36,"column":17},"end":{"line":36,"column":18}},"loc":{"start":{"line":36,"column":43},"end":{"line":56,"column":1}},"line":36},"2":{"name":"(anonymous_2)","decl":{"start":{"line":58,"column":17},"end":{"line":58,"column":18}},"loc":{"start":{"line":58,"column":43},"end":{"line":94,"column":1}},"line":58},"3":{"name":"(anonymous_3)","decl":{"start":{"line":80,"column":23},"end":{"line":80,"column":24}},"loc":{"start":{"line":80,"column":32},"end":{"line":84,"column":5}},"line":80},"4":{"name":"(anonymous_4)","decl":{"start":{"line":96,"column":19},"end":{"line":96,"column":20}},"loc":{"start":{"line":96,"column":45},"end":{"line":147,"column":1}},"line":96},"5":{"name":"(anonymous_5)","decl":{"start":{"line":149,"column":19},"end":{"line":149,"column":20}},"loc":{"start":{"line":149,"column":45},"end":{"line":174,"column":1}},"line":149}},"branchMap":{"0":{"loc":{"start":{"line":16,"column":4},"end":{"line":26,"column":5}},"type":"if","locations":[{"start":{"line":16,"column":4},"end":{"line":26,"column":5}},{"start":{"line":16,"column":4},"end":{"line":26,"column":5}}],"line":16},"1":{"loc":{"start":{"line":17,"column":6},"end":{"line":19,"column":7}},"type":"if","locations":[{"start":{"line":17,"column":6},"end":{"line":19,"column":7}},{"start":{"line":17,"column":6},"end":{"line":19,"column":7}}],"line":17},"2":{"loc":{"start":{"line":17,"column":10},"end":{"line":17,"column":52}},"type":"binary-expr","locations":[{"start":{"line":17,"column":10},"end":{"line":17,"column":23}},{"start":{"line":17,"column":27},"end":{"line":17,"column":52}}],"line":17},"3":{"loc":{"start":{"line":22,"column":6},"end":{"line":24,"column":7}},"type":"if","locations":[{"start":{"line":22,"column":6},"end":{"line":24,"column":7}},{"start":{"line":22,"column":6},"end":{"line":24,"column":7}}],"line":22},"4":{"loc":{"start":{"line":22,"column":10},"end":{"line":22,"column":55}},"type":"binary-expr","locations":[{"start":{"line":22,"column":10},"end":{"line":22,"column":23}},{"start":{"line":22,"column":27},"end":{"line":22,"column":55}}],"line":22},"5":{"loc":{"start":{"line":27,"column":4},"end":{"line":29,"column":5}},"type":"if","locations":[{"start":{"line":27,"column":4},"end":{"line":29,"column":5}},{"start":{"line":27,"column":4},"end":{"line":29,"column":5}}],"line":27},"6":{"loc":{"start":{"line":42,"column":18},"end":{"line":42,"column":53}},"type":"binary-expr","locations":[{"start":{"line":42,"column":18},"end":{"line":42,"column":47}},{"start":{"line":42,"column":51},"end":{"line":42,"column":53}}],"line":42},"7":{"loc":{"start":{"line":43,"column":17},"end":{"line":43,"column":50}},"type":"binary-expr","locations":[{"start":{"line":43,"column":17},"end":{"line":43,"column":45}},{"start":{"line":43,"column":49},"end":{"line":43,"column":50}}],"line":43},"8":{"loc":{"start":{"line":67,"column":4},"end":{"line":69,"column":5}},"type":"if","locations":[{"start":{"line":67,"column":4},"end":{"line":69,"column":5}},{"start":{"line":67,"column":4},"end":{"line":69,"column":5}}],"line":67},"9":{"loc":{"start":{"line":71,"column":4},"end":{"line":73,"column":5}},"type":"if","locations":[{"start":{"line":71,"column":4},"end":{"line":73,"column":5}},{"start":{"line":71,"column":4},"end":{"line":73,"column":5}}],"line":71},"10":{"loc":{"start":{"line":71,"column":8},"end":{"line":71,"column":27}},"type":"binary-expr","locations":[{"start":{"line":71,"column":8},"end":{"line":71,"column":14}},{"start":{"line":71,"column":18},"end":{"line":71,"column":27}}],"line":71},"11":{"loc":{"start":{"line":74,"column":4},"end":{"line":76,"column":5}},"type":"if","locations":[{"start":{"line":74,"column":4},"end":{"line":76,"column":5}},{"start":{"line":74,"column":4},"end":{"line":76,"column":5}}],"line":74},"12":{"loc":{"start":{"line":81,"column":6},"end":{"line":83,"column":7}},"type":"if","locations":[{"start":{"line":81,"column":6},"end":{"line":83,"column":7}},{"start":{"line":81,"column":6},"end":{"line":83,"column":7}}],"line":81},"13":{"loc":{"start":{"line":103,"column":4},"end":{"line":138,"column":5}},"type":"if","locations":[{"start":{"line":103,"column":4},"end":{"line":138,"column":5}},{"start":{"line":103,"column":4},"end":{"line":138,"column":5}}],"line":103},"14":{"loc":{"start":{"line":104,"column":6},"end":{"line":106,"column":7}},"type":"if","locations":[{"start":{"line":104,"column":6},"end":{"line":106,"column":7}},{"start":{"line":104,"column":6},"end":{"line":106,"column":7}}],"line":104},"15":{"loc":{"start":{"line":104,"column":10},"end":{"line":104,"column":52}},"type":"binary-expr","locations":[{"start":{"line":104,"column":10},"end":{"line":104,"column":23}},{"start":{"line":104,"column":27},"end":{"line":104,"column":52}}],"line":104},"16":{"loc":{"start":{"line":107,"column":6},"end":{"line":109,"column":7}},"type":"if","locations":[{"start":{"line":107,"column":6},"end":{"line":109,"column":7}},{"start":{"line":107,"column":6},"end":{"line":109,"column":7}}],"line":107},"17":{"loc":{"start":{"line":116,"column":6},"end":{"line":128,"column":7}},"type":"if","locations":[{"start":{"line":116,"column":6},"end":{"line":128,"column":7}},{"start":{"line":116,"column":6},"end":{"line":128,"column":7}}],"line":116},"18":{"loc":{"start":{"line":118,"column":8},"end":{"line":120,"column":9}},"type":"if","locations":[{"start":{"line":118,"column":8},"end":{"line":120,"column":9}},{"start":{"line":118,"column":8},"end":{"line":120,"column":9}}],"line":118},"19":{"loc":{"start":{"line":122,"column":8},"end":{"line":124,"column":9}},"type":"if","locations":[{"start":{"line":122,"column":8},"end":{"line":124,"column":9}},{"start":{"line":122,"column":8},"end":{"line":124,"column":9}}],"line":122},"20":{"loc":{"start":{"line":125,"column":8},"end":{"line":127,"column":9}},"type":"if","locations":[{"start":{"line":125,"column":8},"end":{"line":127,"column":9}},{"start":{"line":125,"column":8},"end":{"line":127,"column":9}}],"line":125},"21":{"loc":{"start":{"line":125,"column":12},"end":{"line":125,"column":56}},"type":"binary-expr","locations":[{"start":{"line":125,"column":12},"end":{"line":125,"column":40}},{"start":{"line":125,"column":44},"end":{"line":125,"column":56}}],"line":125},"22":{"loc":{"start":{"line":129,"column":6},"end":{"line":131,"column":7}},"type":"if","locations":[{"start":{"line":129,"column":6},"end":{"line":131,"column":7}},{"start":{"line":129,"column":6},"end":{"line":131,"column":7}}],"line":129},"23":{"loc":{"start":{"line":139,"column":4},"end":{"line":141,"column":5}},"type":"if","locations":[{"start":{"line":139,"column":4},"end":{"line":141,"column":5}},{"start":{"line":139,"column":4},"end":{"line":141,"column":5}}],"line":139},"24":{"loc":{"start":{"line":155,"column":4},"end":{"line":165,"column":5}},"type":"if","locations":[{"start":{"line":155,"column":4},"end":{"line":165,"column":5}},{"start":{"line":155,"column":4},"end":{"line":165,"column":5}}],"line":155},"25":{"loc":{"start":{"line":156,"column":6},"end":{"line":158,"column":7}},"type":"if","locations":[{"start":{"line":156,"column":6},"end":{"line":158,"column":7}},{"start":{"line":156,"column":6},"end":{"line":158,"column":7}}],"line":156},"26":{"loc":{"start":{"line":156,"column":10},"end":{"line":156,"column":52}},"type":"binary-expr","locations":[{"start":{"line":156,"column":10},"end":{"line":156,"column":23}},{"start":{"line":156,"column":27},"end":{"line":156,"column":52}}],"line":156},"27":{"loc":{"start":{"line":161,"column":6},"end":{"line":163,"column":7}},"type":"if","locations":[{"start":{"line":161,"column":6},"end":{"line":163,"column":7}},{"start":{"line":161,"column":6},"end":{"line":163,"column":7}}],"line":161},"28":{"loc":{"start":{"line":161,"column":10},"end":{"line":161,"column":55}},"type":"binary-expr","locations":[{"start":{"line":161,"column":10},"end":{"line":161,"column":23}},{"start":{"line":161,"column":27},"end":{"line":161,"column":55}}],"line":161},"29":{"loc":{"start":{"line":167,"column":4},"end":{"line":169,"column":5}},"type":"if","locations":[{"start":{"line":167,"column":4},"end":{"line":169,"column":5}},{"start":{"line":167,"column":4},"end":{"line":169,"column":5}}],"line":167}},"s":{"0":1,"1":1,"2":1,"3":1,"4":0,"5":0,"6":0,"7":0,"8":0,"9":0,"10":0,"11":0,"12":0,"13":0,"14":0,"15":0,"16":0,"17":0,"18":1,"19":0,"20":0,"21":0,"22":0,"23":0,"24":0,"25":0,"26":0,"27":0,"28":1,"29":0,"30":0,"31":0,"32":0,"33":0,"34":0,"35":0,"36":0,"37":0,"38":0,"39":0,"40":0,"41":0,"42":0,"43":0,"44":0,"45":0,"46":1,"47":0,"48":0,"49":0,"50":0,"51":0,"52":0,"53":0,"54":0,"55":0,"56":0,"57":0,"58":0,"59":0,"60":0,"61":0,"62":0,"63":0,"64":0,"65":0,"66":0,"67":0,"68":0,"69":0,"70":0,"71":0,"72":1,"73":0,"74":0,"75":0,"76":0,"77":0,"78":0,"79":0,"80":0,"81":0,"82":0,"83":0,"84":0,"85":0,"86":0,"87":0,"88":1},"f":{"0":0,"1":0,"2":0,"3":0,"4":0,"5":0},"b":{"0":[0,0],"1":[0,0],"2":[0,0],"3":[0,0],"4":[0,0],"5":[0,0],"6":[0,0],"7":[0,0],"8":[0,0],"9":[0,0],"10":[0,0],"11":[0,0],"12":[0,0],"13":[0,0],"14":[0,0],"15":[0,0],"16":[0,0],"17":[0,0],"18":[0,0],"19":[0,0],"20":[0,0],"21":[0,0],"22":[0,0],"23":[0,0],"24":[0,0],"25":[0,0],"26":[0,0],"27":[0,0],"28":[0,0],"29":[0,0]},"_coverageSchema":"1a1c01bbd47fc00a2c39e90264f33305004495a9","hash":"e75eb4846d62d8f2fed1db4077f106365997db3c"}
,"/home/carlasanchezcorrea/REG003-burger-queen-api/src/middleware/auth.js": {"path":"/home/carlasanchezcorrea/REG003-burger-queen-api/src/middleware/auth.js","statementMap":{"0":{"start":{"line":1,"column":12},"end":{"line":1,"column":35}},"1":{"start":{"line":2,"column":13},"end":{"line":2,"column":39}},"2":{"start":{"line":4,"column":0},"end":{"line":41,"column":2}},"3":{"start":{"line":4,"column":29},"end":{"line":41,"column":1}},"4":{"start":{"line":5,"column":28},"end":{"line":5,"column":39}},"5":{"start":{"line":7,"column":2},"end":{"line":10,"column":3}},"6":{"start":{"line":9,"column":4},"end":{"line":9,"column":18}},"7":{"start":{"line":12,"column":24},"end":{"line":12,"column":48}},"8":{"start":{"line":14,"column":2},"end":{"line":17,"column":3}},"9":{"start":{"line":15,"column":4},"end":{"line":15,"column":65}},"10":{"start":{"line":19,"column":2},"end":{"line":38,"column":5}},"11":{"start":{"line":20,"column":4},"end":{"line":22,"column":5}},"12":{"start":{"line":21,"column":6},"end":{"line":21,"column":23}},"13":{"start":{"line":24,"column":26},"end":{"line":24,"column":56}},"14":{"start":{"line":25,"column":4},"end":{"line":34,"column":7}},"15":{"start":{"line":26,"column":6},"end":{"line":28,"column":7}},"16":{"start":{"line":27,"column":8},"end":{"line":27,"column":59}},"17":{"start":{"line":29,"column":6},"end":{"line":29,"column":32}},"18":{"start":{"line":30,"column":6},"end":{"line":30,"column":12}},"19":{"start":{"line":33,"column":6},"end":{"line":33,"column":44}},"20":{"start":{"line":44,"column":0},"end":{"line":48,"column":2}},"21":{"start":{"line":46,"column":2},"end":{"line":46,"column":20}},"22":{"start":{"line":51,"column":0},"end":{"line":54,"column":2}},"23":{"start":{"line":53,"column":2},"end":{"line":53,"column":32}},"24":{"start":{"line":57,"column":0},"end":{"line":61,"column":2}},"25":{"start":{"line":58,"column":2},"end":{"line":60,"column":12}},"26":{"start":{"line":64,"column":0},"end":{"line":71,"column":2}},"27":{"start":{"line":66,"column":2},"end":{"line":70,"column":14}}},"fnMap":{"0":{"name":"(anonymous_0)","decl":{"start":{"line":4,"column":17},"end":{"line":4,"column":18}},"loc":{"start":{"line":4,"column":29},"end":{"line":41,"column":1}},"line":4},"1":{"name":"(anonymous_1)","decl":{"start":{"line":4,"column":29},"end":{"line":4,"column":30}},"loc":{"start":{"line":4,"column":49},"end":{"line":41,"column":1}},"line":4},"2":{"name":"(anonymous_2)","decl":{"start":{"line":19,"column":28},"end":{"line":19,"column":29}},"loc":{"start":{"line":19,"column":51},"end":{"line":38,"column":3}},"line":19},"3":{"name":"(anonymous_3)","decl":{"start":{"line":25,"column":23},"end":{"line":25,"column":24}},"loc":{"start":{"line":25,"column":31},"end":{"line":31,"column":5}},"line":25},"4":{"name":"(anonymous_4)","decl":{"start":{"line":32,"column":11},"end":{"line":32,"column":12}},"loc":{"start":{"line":32,"column":20},"end":{"line":34,"column":5}},"line":32},"5":{"name":"(anonymous_5)","decl":{"start":{"line":44,"column":33},"end":{"line":44,"column":34}},"loc":{"start":{"line":46,"column":2},"end":{"line":46,"column":20}},"line":46},"6":{"name":"(anonymous_6)","decl":{"start":{"line":51,"column":25},"end":{"line":51,"column":26}},"loc":{"start":{"line":53,"column":2},"end":{"line":53,"column":32}},"line":53},"7":{"name":"(anonymous_7)","decl":{"start":{"line":57,"column":29},"end":{"line":57,"column":30}},"loc":{"start":{"line":58,"column":2},"end":{"line":60,"column":12}},"line":58},"8":{"name":"(anonymous_8)","decl":{"start":{"line":64,"column":30},"end":{"line":64,"column":31}},"loc":{"start":{"line":66,"column":2},"end":{"line":70,"column":14}},"line":66}},"branchMap":{"0":{"loc":{"start":{"line":7,"column":2},"end":{"line":10,"column":3}},"type":"if","locations":[{"start":{"line":7,"column":2},"end":{"line":10,"column":3}},{"start":{"line":7,"column":2},"end":{"line":10,"column":3}}],"line":7},"1":{"loc":{"start":{"line":14,"column":2},"end":{"line":17,"column":3}},"type":"if","locations":[{"start":{"line":14,"column":2},"end":{"line":17,"column":3}},{"start":{"line":14,"column":2},"end":{"line":17,"column":3}}],"line":14},"2":{"loc":{"start":{"line":20,"column":4},"end":{"line":22,"column":5}},"type":"if","locations":[{"start":{"line":20,"column":4},"end":{"line":22,"column":5}},{"start":{"line":20,"column":4},"end":{"line":22,"column":5}}],"line":20},"3":{"loc":{"start":{"line":26,"column":6},"end":{"line":28,"column":7}},"type":"if","locations":[{"start":{"line":26,"column":6},"end":{"line":28,"column":7}},{"start":{"line":26,"column":6},"end":{"line":28,"column":7}}],"line":26},"4":{"loc":{"start":{"line":46,"column":2},"end":{"line":46,"column":20}},"type":"binary-expr","locations":[{"start":{"line":46,"column":2},"end":{"line":46,"column":13}},{"start":{"line":46,"column":15},"end":{"line":46,"column":20}}],"line":46},"5":{"loc":{"start":{"line":53,"column":2},"end":{"line":53,"column":32}},"type":"binary-expr","locations":[{"start":{"line":53,"column":2},"end":{"line":53,"column":25}},{"start":{"line":53,"column":27},"end":{"line":53,"column":32}}],"line":53},"6":{"loc":{"start":{"line":58,"column":2},"end":{"line":60,"column":12}},"type":"cond-expr","locations":[{"start":{"line":59,"column":6},"end":{"line":59,"column":15}},{"start":{"line":60,"column":6},"end":{"line":60,"column":12}}],"line":58},"7":{"loc":{"start":{"line":66,"column":2},"end":{"line":70,"column":14}},"type":"cond-expr","locations":[{"start":{"line":67,"column":6},"end":{"line":67,"column":15}},{"start":{"line":68,"column":6},"end":{"line":70,"column":14}}],"line":66},"8":{"loc":{"start":{"line":68,"column":6},"end":{"line":70,"column":14}},"type":"cond-expr","locations":[{"start":{"line":69,"column":8},"end":{"line":69,"column":17}},{"start":{"line":70,"column":8},"end":{"line":70,"column":14}}],"line":68}},"s":{"0":2,"1":2,"2":2,"3":0,"4":0,"5":0,"6":0,"7":0,"8":0,"9":0,"10":0,"11":0,"12":0,"13":0,"14":0,"15":0,"16":0,"17":0,"18":0,"19":0,"20":2,"21":4,"22":2,"23":3,"24":2,"25":1,"26":2,"27":1},"f":{"0":0,"1":0,"2":0,"3":0,"4":0,"5":4,"6":3,"7":1,"8":1},"b":{"0":[0,0],"1":[0,0],"2":[0,0],"3":[0,0],"4":[4,1],"5":[3,1],"6":[0,1],"7":[0,1],"8":[0,1]},"_coverageSchema":"1a1c01bbd47fc00a2c39e90264f33305004495a9","hash":"82584dd2a93f51754e4665cbcc1ff2d3bb2fe709"}
,"/home/carlasanchezcorrea/REG003-burger-queen-api/src/models/Users.js": {"path":"/home/carlasanchezcorrea/REG003-burger-queen-api/src/models/Users.js","statementMap":{"0":{"start":{"line":1,"column":15},"end":{"line":1,"column":32}},"1":{"start":{"line":2,"column":26},"end":{"line":2,"column":45}},"2":{"start":{"line":3,"column":25},"end":{"line":3,"column":56}},"3":{"start":{"line":5,"column":19},"end":{"line":25,"column":2}},"4":{"start":{"line":27,"column":0},"end":{"line":27,"column":36}},"5":{"start":{"line":29,"column":0},"end":{"line":41,"column":2}},"6":{"start":{"line":30,"column":15},"end":{"line":30,"column":19}},"7":{"start":{"line":31,"column":2},"end":{"line":31,"column":48}},"8":{"start":{"line":31,"column":35},"end":{"line":31,"column":48}},"9":{"start":{"line":33,"column":2},"end":{"line":39,"column":4}},"10":{"start":{"line":34,"column":4},"end":{"line":34,"column":21}},"11":{"start":{"line":36,"column":4},"end":{"line":36,"column":33}},"12":{"start":{"line":37,"column":4},"end":{"line":37,"column":11}},"13":{"start":{"line":44,"column":0},"end":{"line":47,"column":2}},"14":{"start":{"line":45,"column":15},"end":{"line":45,"column":39}},"15":{"start":{"line":46,"column":2},"end":{"line":46,"column":37}},"16":{"start":{"line":49,"column":0},"end":{"line":51,"column":1}},"17":{"start":{"line":50,"column":2},"end":{"line":50,"column":48}},"18":{"start":{"line":54,"column":0},"end":{"line":54,"column":44}}},"fnMap":{"0":{"name":"(anonymous_0)","decl":{"start":{"line":29,"column":23},"end":{"line":29,"column":24}},"loc":{"start":{"line":29,"column":43},"end":{"line":41,"column":1}},"line":29},"1":{"name":"(anonymous_1)","decl":{"start":{"line":33,"column":31},"end":{"line":33,"column":32}},"loc":{"start":{"line":33,"column":53},"end":{"line":39,"column":3}},"line":33},"2":{"name":"(anonymous_2)","decl":{"start":{"line":44,"column":37},"end":{"line":44,"column":38}},"loc":{"start":{"line":44,"column":57},"end":{"line":47,"column":1}},"line":44},"3":{"name":"(anonymous_3)","decl":{"start":{"line":49,"column":37},"end":{"line":49,"column":38}},"loc":{"start":{"line":49,"column":58},"end":{"line":51,"column":1}},"line":49}},"branchMap":{"0":{"loc":{"start":{"line":31,"column":2},"end":{"line":31,"column":48}},"type":"if","locations":[{"start":{"line":31,"column":2},"end":{"line":31,"column":48}},{"start":{"line":31,"column":2},"end":{"line":31,"column":48}}],"line":31},"1":{"loc":{"start":{"line":34,"column":4},"end":{"line":34,"column":20}},"type":"binary-expr","locations":[{"start":{"line":34,"column":4},"end":{"line":34,"column":7}},{"start":{"line":34,"column":11},"end":{"line":34,"column":20}}],"line":34}},"s":{"0":2,"1":2,"2":2,"3":2,"4":2,"5":2,"6":0,"7":0,"8":0,"9":0,"10":0,"11":0,"12":0,"13":2,"14":0,"15":0,"16":2,"17":0,"18":2},"f":{"0":0,"1":0,"2":0,"3":0},"b":{"0":[0,0],"1":[0,0]},"_coverageSchema":"1a1c01bbd47fc00a2c39e90264f33305004495a9","hash":"525f4c8a3ed34671d4413a1259d375722a808fc9"}
}
